<?xml version="1.0" encoding="UTF-8"?>
<Site BuildName="Win32-MSBuild"
	BuildStamp="20250504-1308-Experimental"
	Name="DESKTOP-MHMVC63"
	Generator="ctest-3.31.4"
	CompilerName="clang++"
	CompilerVersion="19.42.34436.0"
	OSName="Windows"
	Hostname="DESKTOP-MHMVC63"
	OSRelease=" Professional"
	OSVersion=" (Build 19045)"
	OSPlatform="AMD64"
	Is64Bits="1"
	VendorString="GenuineIntel"
	VendorID="Intel Corporation"
	FamilyID="6"
	ModelID="14"
	ModelName=""
	ProcessorCacheSize="-1"
	NumberOfLogicalCPU="4"
	NumberOfPhysicalCPU="2"
	TotalVirtualMemory="10361"
	TotalPhysicalMemory="8057"
	LogicalProcessorsPerPhysical="2"
	ProcessorClockFrequency="1992"
	>
	<Testing>
		<StartDateTime>May 04 18:38 India Standard Time</StartDateTime>
		<StartTestTime>1746364128</StartTestTime>
		<TestList/>
		<EndDateTime>May 04 18:38 India Standard Time</EndDateTime>
		<EndTestTime>1746364128</EndTestTime>
		<ElapsedMinutes>0</ElapsedMinutes>
	</Testing>
</Site>
